<?xml version="1.0" encoding="UTF-8"?>
<!-- Generated by org.testng.reporters.JUnitReportReporter -->
<testsuite hostname="FVFHXBFFQ6LR" failures="0" tests="1" name="collectionoreq.get" time="2.745" errors="0" timestamp="2023-05-16T16:23:28 IST" skipped="0">
  <testcase classname="collectionoreq.get" name="TC1" time="2.745"/>
  <system-out/>
</testsuite> <!-- collectionoreq.get -->
