<?xml version="1.0" encoding="UTF-8"?>
<!-- Generated by org.testng.reporters.JUnitReportReporter -->
<testsuite hostname="FVFHXBFFQ6LR" failures="0" tests="1" name="restapi.exp1" time="2.952" errors="0" timestamp="2023-05-22T09:10:15 IST" skipped="0">
  <testcase classname="restapi.exp1" name="test_ListUsers" time="2.952"/>
  <system-out/>
</testsuite> <!-- restapi.exp1 -->
