<?xml version="1.0" encoding="UTF-8"?>
<!-- Generated by org.testng.reporters.JUnitReportReporter -->
<testsuite hostname="FVFHXBFFQ6LR" failures="0" tests="1" name="restapi.exp6" time="2.695" errors="0" timestamp="2023-05-22T09:53:24 IST" skipped="0">
  <testcase classname="restapi.exp6" name="test_deleteUser" time="2.695"/>
  <system-out/>
</testsuite> <!-- restapi.exp6 -->
